<?xml version="1.0" encoding="UTF-8"?>
<testng-results ignored="0" total="1" passed="1" failed="0" skipped="0">
  <reporter-output>
  </reporter-output>
  <suite started-at="2023-10-16T10:20:47 IST" name="Default suite" finished-at="2023-10-16T10:21:01 IST" duration-ms="13741">
    <groups>
    </groups>
    <test started-at="2023-10-16T10:20:47 IST" name="Default test" finished-at="2023-10-16T10:21:01 IST" duration-ms="13741">
      <class name="sel1.SeleniumCode">
        <test-method signature="t1_01_validate_login_zero_app()[pri:0, instance:sel1.SeleniumCode@6892b3b6]" started-at="2023-10-16T10:20:47 IST" name="t1_01_validate_login_zero_app" finished-at="2023-10-16T10:21:01 IST" duration-ms="13701" status="PASS">
          <reporter-output>
          </reporter-output>
        </test-method> <!-- t1_01_validate_login_zero_app -->
      </class> <!-- sel1.SeleniumCode -->
    </test> <!-- Default test -->
  </suite> <!-- Default suite -->
</testng-results>
